2016-09-18 19:27:06,777 p=20797 u=hagzag |  - downloading role 'oracle-java', owned by williamyeh
2016-09-18 19:27:10,217 p=20797 u=hagzag |  - downloading role from https://github.com/William-Yeh/ansible-oracle-java/archive/2.10.0.tar.gz
2016-09-18 19:27:14,574 p=20797 u=hagzag |  - extracting java to /Users/hagzag/projects/shelleg/playground-nexus/galaxy-roles/java
2016-09-18 19:27:14,584 p=20797 u=hagzag |  - java was installed successfully
2016-09-18 19:27:16,215 p=20797 u=hagzag |  - downloading role 'nexus', owned by shelleg
2016-09-18 19:27:19,567 p=20797 u=hagzag |  - downloading role from https://github.com/shelleg/ansible-role-nexus/archive/master.tar.gz
2016-09-18 19:27:22,472 p=20797 u=hagzag |  - extracting nexus to /Users/hagzag/projects/shelleg/playground-nexus/galaxy-roles/nexus
2016-09-18 19:27:22,475 p=20797 u=hagzag |  - nexus was installed successfully
2016-09-18 19:29:43,514 p=22805 u=hagzag |  Using /Users/hagzag/projects/shelleg/playground-nexus/ansible.cfg as config file
2016-09-18 19:29:45,012 p=22805 u=hagzag |   _______________________ 
< PLAYBOOK: default.yml >
 ----------------------- 
        \   ^__^
         \  (oo)\_______
            (__)\       )\/\
                ||----w |
                ||     ||


2016-09-18 19:29:45,013 p=22805 u=hagzag |  1 plays in ./playbooks/default.yml
2016-09-18 19:29:45,060 p=22805 u=hagzag |   ____________ 
< PLAY [all] >
 ------------ 
        \   ^__^
         \  (oo)\_______
            (__)\       )\/\
                ||----w |
                ||     ||


2016-09-18 19:29:45,722 p=22805 u=hagzag |   ______________ 
< TASK [setup] >
 -------------- 
        \   ^__^
         \  (oo)\_______
            (__)\       )\/\
                ||----w |
                ||     ||


2016-09-18 19:29:48,162 p=22805 u=hagzag |  ok: [centos7]
2016-09-18 19:29:48,215 p=22805 u=hagzag |   ___________________________________________ 
< TASK [java : precondition - java_version] >
 ------------------------------------------- 
        \   ^__^
         \  (oo)\_______
            (__)\       )\/\
                ||----w |
                ||     ||


2016-09-18 19:29:48,215 p=22805 u=hagzag |  task path: /Users/hagzag/projects/shelleg/playground-nexus/galaxy-roles/java/tasks/main.yml:6
2016-09-18 19:29:48,500 p=22805 u=hagzag |  skipping: [centos7] => {"changed": false, "skip_reason": "Conditional check failed", "skipped": true}
2016-09-18 19:29:48,544 p=22805 u=hagzag |   ______________________________________________ 
< TASK [java : precondition - java_subversion] >
 ---------------------------------------------- 
        \   ^__^
         \  (oo)\_______
            (__)\       )\/\
                ||----w |
                ||     ||


2016-09-18 19:29:48,545 p=22805 u=hagzag |  task path: /Users/hagzag/projects/shelleg/playground-nexus/galaxy-roles/java/tasks/main.yml:10
2016-09-18 19:29:48,597 p=22805 u=hagzag |  skipping: [centos7] => {"changed": false, "skip_reason": "Conditional check failed", "skipped": true}
2016-09-18 19:29:48,632 p=22805 u=hagzag |   _______________________________________________ 
< TASK [java : precondition - java_install_jce] >
 ----------------------------------------------- 
        \   ^__^
         \  (oo)\_______
            (__)\       )\/\
                ||----w |
                ||     ||


2016-09-18 19:29:48,632 p=22805 u=hagzag |  task path: /Users/hagzag/projects/shelleg/playground-nexus/galaxy-roles/java/tasks/main.yml:14
2016-09-18 19:29:48,699 p=22805 u=hagzag |  skipping: [centos7] => {"changed": false, "skip_reason": "Conditional check failed", "skipped": true}
2016-09-18 19:29:48,740 p=22805 u=hagzag |   _________________________________________ 
< TASK [java : set general internal vars] >
 ----------------------------------------- 
        \   ^__^
         \  (oo)\_______
            (__)\       )\/\
                ||----w |
                ||     ||


2016-09-18 19:29:48,741 p=22805 u=hagzag |  task path: /Users/hagzag/projects/shelleg/playground-nexus/galaxy-roles/java/tasks/set-role-variables.yml:7
2016-09-18 19:29:48,824 p=22805 u=hagzag |  ok: [centos7] => {"ansible_facts": {"jdk_version": "1.8.0_102"}, "changed": false, "invocation": {"module_args": {"jdk_version": "1.8.0_102"}, "module_name": "set_fact"}}
2016-09-18 19:29:48,857 p=22805 u=hagzag |   _____________________________________ 
< TASK [java : set java architecture] >
 ------------------------------------- 
        \   ^__^
         \  (oo)\_______
            (__)\       )\/\
                ||----w |
                ||     ||


2016-09-18 19:29:48,857 p=22805 u=hagzag |  task path: /Users/hagzag/projects/shelleg/playground-nexus/galaxy-roles/java/tasks/set-role-variables.yml:16
2016-09-18 19:29:48,936 p=22805 u=hagzag |  ok: [centos7] => {"ansible_facts": {"jdk_arch": "x64"}, "changed": false, "invocation": {"module_args": {"jdk_arch": "x64"}, "module_name": "set_fact"}}
2016-09-18 19:29:48,970 p=22805 u=hagzag |   _____________________________________ 
< TASK [java : set java OS for Linux] >
 ------------------------------------- 
        \   ^__^
         \  (oo)\_______
            (__)\       )\/\
                ||----w |
                ||     ||


2016-09-18 19:29:48,971 p=22805 u=hagzag |  task path: /Users/hagzag/projects/shelleg/playground-nexus/galaxy-roles/java/tasks/set-role-variables.yml:20
2016-09-18 19:29:49,060 p=22805 u=hagzag |  ok: [centos7] => {"ansible_facts": {"jdk_os": "linux"}, "changed": false, "invocation": {"module_args": {"jdk_os": "linux"}, "module_name": "set_fact"}}
2016-09-18 19:29:49,101 p=22805 u=hagzag |   ________________________________________ 
< TASK [java : set java OS for Mac OS X] >
 ---------------------------------------- 
        \   ^__^
         \  (oo)\_______
            (__)\       )\/\
                ||----w |
                ||     ||


2016-09-18 19:29:49,101 p=22805 u=hagzag |  task path: /Users/hagzag/projects/shelleg/playground-nexus/galaxy-roles/java/tasks/set-role-variables.yml:25
2016-09-18 19:29:49,168 p=22805 u=hagzag |  skipping: [centos7] => {"changed": false, "skip_reason": "Conditional check failed", "skipped": true}
2016-09-18 19:29:49,211 p=22805 u=hagzag |   _______________________________________________ 
< TASK [java : set internal vars for 1.8.0_102] >
 ----------------------------------------------- 
        \   ^__^
         \  (oo)\_______
            (__)\       )\/\
                ||----w |
                ||     ||


2016-09-18 19:29:49,211 p=22805 u=hagzag |  task path: /Users/hagzag/projects/shelleg/playground-nexus/galaxy-roles/java/tasks/set-role-variables.yml:35
2016-09-18 19:29:49,293 p=22805 u=hagzag |  ok: [centos7] => {"ansible_facts": {"jdk_version_detail": "8u102-b14"}, "changed": false, "invocation": {"module_args": {"jdk_version_detail": "8u102-b14"}, "module_name": "set_fact"}}
2016-09-18 19:29:49,331 p=22805 u=hagzag |   _______________________________________________ 
< TASK [java : set internal vars for 1.8.0_101] >
 ----------------------------------------------- 
        \   ^__^
         \  (oo)\_______
            (__)\       )\/\
                ||----w |
                ||     ||


2016-09-18 19:29:49,332 p=22805 u=hagzag |  task path: /Users/hagzag/projects/shelleg/playground-nexus/galaxy-roles/java/tasks/set-role-variables.yml:40
2016-09-18 19:29:49,409 p=22805 u=hagzag |  skipping: [centos7] => {"changed": false, "skip_reason": "Conditional check failed", "skipped": true}
2016-09-18 19:29:49,461 p=22805 u=hagzag |   __________________________________________________________ 
< TASK [java : set internal vars for 1.8.0_92 or 1.8.0_91] >
 ---------------------------------------------------------- 
        \   ^__^
         \  (oo)\_______
            (__)\       )\/\
                ||----w |
                ||     ||


2016-09-18 19:29:49,463 p=22805 u=hagzag |  task path: /Users/hagzag/projects/shelleg/playground-nexus/galaxy-roles/java/tasks/set-role-variables.yml:45
2016-09-18 19:29:49,547 p=22805 u=hagzag |  skipping: [centos7] => {"changed": false, "skip_reason": "Conditional check failed", "skipped": true}
2016-09-18 19:29:49,598 p=22805 u=hagzag |   ______________________________________________ 
< TASK [java : set internal vars for 1.8.0_77] >
 ---------------------------------------------- 
        \   ^__^
         \  (oo)\_______
            (__)\       )\/\
                ||----w |
                ||     ||


2016-09-18 19:29:49,598 p=22805 u=hagzag |  task path: /Users/hagzag/projects/shelleg/playground-nexus/galaxy-roles/java/tasks/set-role-variables.yml:50
2016-09-18 19:29:49,671 p=22805 u=hagzag |  skipping: [centos7] => {"changed": false, "skip_reason": "Conditional check failed", "skipped": true}
2016-09-18 19:29:49,713 p=22805 u=hagzag |   ______________________________________________ 
< TASK [java : set internal vars for 1.8.0_74] >
 ---------------------------------------------- 
        \   ^__^
         \  (oo)\_______
            (__)\       )\/\
                ||----w |
                ||     ||


2016-09-18 19:29:49,713 p=22805 u=hagzag |  task path: /Users/hagzag/projects/shelleg/playground-nexus/galaxy-roles/java/tasks/set-role-variables.yml:55
2016-09-18 19:29:49,787 p=22805 u=hagzag |  skipping: [centos7] => {"changed": false, "skip_reason": "Conditional check failed", "skipped": true}
2016-09-18 19:29:49,823 p=22805 u=hagzag |   ______________________________________________ 
< TASK [java : set internal vars for 1.8.0_73] >
 ---------------------------------------------- 
        \   ^__^
         \  (oo)\_______
            (__)\       )\/\
                ||----w |
                ||     ||


2016-09-18 19:29:49,824 p=22805 u=hagzag |  task path: /Users/hagzag/projects/shelleg/playground-nexus/galaxy-roles/java/tasks/set-role-variables.yml:60
2016-09-18 19:29:49,899 p=22805 u=hagzag |  skipping: [centos7] => {"changed": false, "skip_reason": "Conditional check failed", "skipped": true}
2016-09-18 19:29:49,936 p=22805 u=hagzag |   ______________________________________________ 
< TASK [java : set internal vars for 1.8.0_72] >
 ---------------------------------------------- 
        \   ^__^
         \  (oo)\_______
            (__)\       )\/\
                ||----w |
                ||     ||


2016-09-18 19:29:49,936 p=22805 u=hagzag |  task path: /Users/hagzag/projects/shelleg/playground-nexus/galaxy-roles/java/tasks/set-role-variables.yml:65
2016-09-18 19:29:49,998 p=22805 u=hagzag |  skipping: [centos7] => {"changed": false, "skip_reason": "Conditional check failed", "skipped": true}
2016-09-18 19:29:50,035 p=22805 u=hagzag |   ______________________________________________ 
< TASK [java : set internal vars for 1.8.0_66] >
 ---------------------------------------------- 
        \   ^__^
         \  (oo)\_______
            (__)\       )\/\
                ||----w |
                ||     ||


2016-09-18 19:29:50,035 p=22805 u=hagzag |  task path: /Users/hagzag/projects/shelleg/playground-nexus/galaxy-roles/java/tasks/set-role-variables.yml:70
2016-09-18 19:29:50,100 p=22805 u=hagzag |  skipping: [centos7] => {"changed": false, "skip_reason": "Conditional check failed", "skipped": true}
2016-09-18 19:29:50,138 p=22805 u=hagzag |   ______________________________________________ 
< TASK [java : set internal vars for 1.8.0_65] >
 ---------------------------------------------- 
        \   ^__^
         \  (oo)\_______
            (__)\       )\/\
                ||----w |
                ||     ||


2016-09-18 19:29:50,139 p=22805 u=hagzag |  task path: /Users/hagzag/projects/shelleg/playground-nexus/galaxy-roles/java/tasks/set-role-variables.yml:75
2016-09-18 19:29:50,207 p=22805 u=hagzag |  skipping: [centos7] => {"changed": false, "skip_reason": "Conditional check failed", "skipped": true}
2016-09-18 19:29:50,248 p=22805 u=hagzag |   ______________________________________________ 
< TASK [java : set internal vars for 1.8.0_60] >
 ---------------------------------------------- 
        \   ^__^
         \  (oo)\_______
            (__)\       )\/\
                ||----w |
                ||     ||


2016-09-18 19:29:50,249 p=22805 u=hagzag |  task path: /Users/hagzag/projects/shelleg/playground-nexus/galaxy-roles/java/tasks/set-role-variables.yml:80
2016-09-18 19:29:50,312 p=22805 u=hagzag |  skipping: [centos7] => {"changed": false, "skip_reason": "Conditional check failed", "skipped": true}
2016-09-18 19:29:50,352 p=22805 u=hagzag |   ______________________________________________ 
< TASK [java : set internal vars for 1.8.0_51] >
 ---------------------------------------------- 
        \   ^__^
         \  (oo)\_______
            (__)\       )\/\
                ||----w |
                ||     ||


2016-09-18 19:29:50,353 p=22805 u=hagzag |  task path: /Users/hagzag/projects/shelleg/playground-nexus/galaxy-roles/java/tasks/set-role-variables.yml:85
2016-09-18 19:29:50,422 p=22805 u=hagzag |  skipping: [centos7] => {"changed": false, "skip_reason": "Conditional check failed", "skipped": true}
2016-09-18 19:29:50,461 p=22805 u=hagzag |   ______________________________________________ 
< TASK [java : set internal vars for 1.8.0_45] >
 ---------------------------------------------- 
        \   ^__^
         \  (oo)\_______
            (__)\       )\/\
                ||----w |
                ||     ||


2016-09-18 19:29:50,462 p=22805 u=hagzag |  task path: /Users/hagzag/projects/shelleg/playground-nexus/galaxy-roles/java/tasks/set-role-variables.yml:90
2016-09-18 19:29:50,534 p=22805 u=hagzag |  skipping: [centos7] => {"changed": false, "skip_reason": "Conditional check failed", "skipped": true}
2016-09-18 19:29:50,567 p=22805 u=hagzag |   ______________________________________________ 
< TASK [java : set internal vars for 1.8.0_31] >
 ---------------------------------------------- 
        \   ^__^
         \  (oo)\_______
            (__)\       )\/\
                ||----w |
                ||     ||


2016-09-18 19:29:50,568 p=22805 u=hagzag |  task path: /Users/hagzag/projects/shelleg/playground-nexus/galaxy-roles/java/tasks/set-role-variables.yml:95
2016-09-18 19:29:50,635 p=22805 u=hagzag |  skipping: [centos7] => {"changed": false, "skip_reason": "Conditional check failed", "skipped": true}
2016-09-18 19:29:50,669 p=22805 u=hagzag |   ______________________________________________ 
< TASK [java : set internal vars for 1.7.0_80] >
 ---------------------------------------------- 
        \   ^__^
         \  (oo)\_______
            (__)\       )\/\
                ||----w |
                ||     ||


2016-09-18 19:29:50,669 p=22805 u=hagzag |  task path: /Users/hagzag/projects/shelleg/playground-nexus/galaxy-roles/java/tasks/set-role-variables.yml:100
2016-09-18 19:29:50,733 p=22805 u=hagzag |  skipping: [centos7] => {"changed": false, "skip_reason": "Conditional check failed", "skipped": true}
2016-09-18 19:29:50,768 p=22805 u=hagzag |   ______________________________________________ 
< TASK [java : set internal vars for 1.7.0_75] >
 ---------------------------------------------- 
        \   ^__^
         \  (oo)\_______
            (__)\       )\/\
                ||----w |
                ||     ||


2016-09-18 19:29:50,769 p=22805 u=hagzag |  task path: /Users/hagzag/projects/shelleg/playground-nexus/galaxy-roles/java/tasks/set-role-variables.yml:105
2016-09-18 19:29:50,838 p=22805 u=hagzag |  skipping: [centos7] => {"changed": false, "skip_reason": "Conditional check failed", "skipped": true}
2016-09-18 19:29:50,871 p=22805 u=hagzag |   __________________________________________________________ 
< TASK [java : set internal vars for generic Java version] >
 ---------------------------------------------------------- 
        \   ^__^
         \  (oo)\_______
            (__)\       )\/\
                ||----w |
                ||     ||


2016-09-18 19:29:50,872 p=22805 u=hagzag |  task path: /Users/hagzag/projects/shelleg/playground-nexus/galaxy-roles/java/tasks/set-role-variables.yml:110
2016-09-18 19:29:50,936 p=22805 u=hagzag |  skipping: [centos7] => {"changed": false, "skip_reason": "Conditional check failed", "skipped": true}
2016-09-18 19:29:50,973 p=22805 u=hagzag |   ______________________________________________ 
< TASK [java : compose filename, if necessary] >
 ---------------------------------------------- 
        \   ^__^
         \  (oo)\_______
            (__)\       )\/\
                ||----w |
                ||     ||


2016-09-18 19:29:50,974 p=22805 u=hagzag |  task path: /Users/hagzag/projects/shelleg/playground-nexus/galaxy-roles/java/tasks/set-role-variables.yml:116
2016-09-18 19:29:51,082 p=22805 u=hagzag |  ok: [centos7] => {"ansible_facts": {"jdk_tarball_file": "jdk-8u102-linux-x64"}, "changed": false, "invocation": {"module_args": {"jdk_tarball_file": "jdk-8u102-linux-x64"}, "module_name": "set_fact"}}
2016-09-18 19:29:51,115 p=22805 u=hagzag |   ___________________________________________________ 
/ TASK [java : compose url for downloading file, if \
\ necessary]                                        /
 --------------------------------------------------- 
        \   ^__^
         \  (oo)\_______
            (__)\       )\/\
                ||----w |
                ||     ||


2016-09-18 19:29:51,115 p=22805 u=hagzag |  task path: /Users/hagzag/projects/shelleg/playground-nexus/galaxy-roles/java/tasks/set-role-variables.yml:121
2016-09-18 19:29:51,195 p=22805 u=hagzag |  ok: [centos7] => {"ansible_facts": {"jdk_tarball_url": "http://download.oracle.com/otn-pub/java/jdk/8u102-b14/jdk-8u102-linux-x64"}, "changed": false, "invocation": {"module_args": {"jdk_tarball_url": "http://download.oracle.com/otn-pub/java/jdk/8u102-b14/jdk-8u102-linux-x64"}, "module_name": "set_fact"}}
2016-09-18 19:29:51,231 p=22805 u=hagzag |   ____________________________________________ 
< TASK [java : set JCE variables for java 7] >
 -------------------------------------------- 
        \   ^__^
         \  (oo)\_______
            (__)\       )\/\
                ||----w |
                ||     ||


2016-09-18 19:29:51,232 p=22805 u=hagzag |  task path: /Users/hagzag/projects/shelleg/playground-nexus/galaxy-roles/java/tasks/set-role-variables.yml:131
2016-09-18 19:29:51,302 p=22805 u=hagzag |  skipping: [centos7] => {"changed": false, "skip_reason": "Conditional check failed", "skipped": true}
2016-09-18 19:29:51,343 p=22805 u=hagzag |   ____________________________________________ 
< TASK [java : set JCE variables for java 8] >
 -------------------------------------------- 
        \   ^__^
         \  (oo)\_______
            (__)\       )\/\
                ||----w |
                ||     ||


2016-09-18 19:29:51,343 p=22805 u=hagzag |  task path: /Users/hagzag/projects/shelleg/playground-nexus/galaxy-roles/java/tasks/set-role-variables.yml:137
2016-09-18 19:29:51,432 p=22805 u=hagzag |  ok: [centos7] => {"ansible_facts": {"jce_zip_file": "jce_policy-8.zip", "jce_zip_folder": "UnlimitedJCEPolicyJDK8"}, "changed": false, "invocation": {"module_args": {"jce_zip_file": "jce_policy-8.zip", "jce_zip_folder": "UnlimitedJCEPolicyJDK8"}, "module_name": "set_fact"}}
2016-09-18 19:29:51,466 p=22805 u=hagzag |   _____________________________________ 
< TASK [java : set JCE download file] >
 ------------------------------------- 
        \   ^__^
         \  (oo)\_______
            (__)\       )\/\
                ||----w |
                ||     ||


2016-09-18 19:29:51,467 p=22805 u=hagzag |  task path: /Users/hagzag/projects/shelleg/playground-nexus/galaxy-roles/java/tasks/set-role-variables.yml:143
2016-09-18 19:29:51,552 p=22805 u=hagzag |  ok: [centos7] => {"ansible_facts": {"jce_zip_url": "http://download.oracle.com/otn-pub/java/jce/8/jce_policy-8.zip"}, "changed": false, "invocation": {"module_args": {"jce_zip_url": "http://download.oracle.com/otn-pub/java/jce/8/jce_policy-8.zip"}, "module_name": "set_fact"}}
2016-09-18 19:29:51,592 p=22805 u=hagzag |   ________________________________________________________ 
/ TASK [java : set java installation directory on Debian \
\ platforms]                                             /
 -------------------------------------------------------- 
        \   ^__^
         \  (oo)\_______
            (__)\       )\/\
                ||----w |
                ||     ||


2016-09-18 19:29:51,592 p=22805 u=hagzag |  task path: /Users/hagzag/projects/shelleg/playground-nexus/galaxy-roles/java/tasks/set-role-variables.yml:152
2016-09-18 19:29:51,666 p=22805 u=hagzag |  skipping: [centos7] => {"changed": false, "skip_reason": "Conditional check failed", "skipped": true}
2016-09-18 19:29:51,712 p=22805 u=hagzag |   ___________________________________________________________ 
< TASK [java : set java installation directory on Mac OS X] >
 ----------------------------------------------------------- 
        \   ^__^
         \  (oo)\_______
            (__)\       )\/\
                ||----w |
                ||     ||


2016-09-18 19:29:51,713 p=22805 u=hagzag |  task path: /Users/hagzag/projects/shelleg/playground-nexus/galaxy-roles/java/tasks/set-role-variables.yml:158
2016-09-18 19:29:51,780 p=22805 u=hagzag |  skipping: [centos7] => {"changed": false, "skip_reason": "Conditional check failed", "skipped": true}
2016-09-18 19:29:51,817 p=22805 u=hagzag |   ____________________________________________________________ 
/ TASK [java : set java installation directory on non-Debian \
\ platforms]                                                 /
 ------------------------------------------------------------ 
        \   ^__^
         \  (oo)\_______
            (__)\       )\/\
                ||----w |
                ||     ||


2016-09-18 19:29:51,818 p=22805 u=hagzag |  task path: /Users/hagzag/projects/shelleg/playground-nexus/galaxy-roles/java/tasks/set-role-variables.yml:165
2016-09-18 19:29:51,899 p=22805 u=hagzag |  ok: [centos7] => {"ansible_facts": {"java_default_link_name": "default", "java_install_dir": "/usr/java"}, "changed": false, "invocation": {"module_args": {"java_default_link_name": "default", "java_install_dir": "/usr/java"}, "module_name": "set_fact"}}
2016-09-18 19:29:51,934 p=22805 u=hagzag |   ___________________________________________________________ 
/ TASK [java : install libselinux-python binary for Ansible \
\ to work]                                                  /
 ----------------------------------------------------------- 
        \   ^__^
         \  (oo)\_______
            (__)\       )\/\
                ||----w |
                ||     ||


2016-09-18 19:29:51,935 p=22805 u=hagzag |  task path: /Users/hagzag/projects/shelleg/playground-nexus/galaxy-roles/java/tasks/main.yml:22
2016-09-18 19:29:53,325 p=22805 u=hagzag |  ok: [centos7] => {"changed": false, "invocation": {"module_args": {"conf_file": null, "disable_gpg_check": false, "disablerepo": null, "enablerepo": null, "exclude": null, "install_repoquery": true, "list": null, "name": ["libselinux-python"], "state": "present", "update_cache": false, "validate_certs": true}, "module_name": "yum"}, "msg": "", "rc": 0, "results": ["libselinux-python-2.2.2-6.el7.x86_64 providing libselinux-python is already installed"]}
2016-09-18 19:29:53,363 p=22805 u=hagzag |   ______________________________________ 
< TASK [java : copy scripts to server] >
 -------------------------------------- 
        \   ^__^
         \  (oo)\_______
            (__)\       )\/\
                ||----w |
                ||     ||


2016-09-18 19:29:53,364 p=22805 u=hagzag |  task path: /Users/hagzag/projects/shelleg/playground-nexus/galaxy-roles/java/tasks/main.yml:26
2016-09-18 19:29:55,093 p=22805 u=hagzag |  changed: [centos7] => {"changed": true, "checksum": "2546647b60a8fffe888d8b73c924cfa0492c60b2", "dest": "/tmp/check-java-version.sh", "gid": 0, "group": "root", "invocation": {"module_args": {"backup": false, "content": null, "delimiter": null, "dest": "/tmp/check-java-version.sh", "directory_mode": null, "follow": false, "force": true, "group": null, "mode": "a+x", "original_basename": "check-java-version.sh", "owner": null, "regexp": null, "remote_src": null, "selevel": null, "serole": null, "setype": null, "seuser": null, "src": "/home/vagrant/.ansible/tmp/ansible-tmp-1474216194.3-221039509167566/source", "validate": null}}, "md5sum": "bfd089da0c10974dde1967f253e090a3", "mode": "0755", "owner": "root", "secontext": "unconfined_u:object_r:user_home_t:s0", "size": 416, "src": "/home/vagrant/.ansible/tmp/ansible-tmp-1474216194.3-221039509167566/source", "state": "file", "uid": 0}
2016-09-18 19:29:55,131 p=22805 u=hagzag |   _________________________________________________________ 
/ TASK [java : check if specific version of Oracle JDK is \
\ installed?]                                             /
 --------------------------------------------------------- 
        \   ^__^
         \  (oo)\_______
            (__)\       )\/\
                ||----w |
                ||     ||


2016-09-18 19:29:55,132 p=22805 u=hagzag |  task path: /Users/hagzag/projects/shelleg/playground-nexus/galaxy-roles/java/tasks/main.yml:29
2016-09-18 19:29:55,715 p=22805 u=hagzag |  ok: [centos7] => {"changed": false, "cmd": "LC_ALL=\"en_US.UTF-8\" /tmp/check-java-version.sh \"1.8.0_102\"", "delta": "0:00:00.018547", "end": "2016-09-18 12:29:54.047936", "failed": false, "failed_when_result": false, "invocation": {"module_args": {"_raw_params": "LC_ALL=\"en_US.UTF-8\" /tmp/check-java-version.sh \"1.8.0_102\"", "_uses_shell": true, "chdir": null, "creates": null, "executable": null, "removes": null, "warn": true}, "module_name": "command"}, "rc": 0, "start": "2016-09-18 12:29:54.029389", "stderr": "", "stdout": "{ \"found\": false , \"not_found\": true  }", "stdout_lines": ["{ \"found\": false , \"not_found\": true  }"], "warnings": []}
2016-09-18 19:29:55,760 p=22805 u=hagzag |   _____________________________________________ 
< TASK [java : get JDK tarball (as RPM file)] >
 --------------------------------------------- 
        \   ^__^
         \  (oo)\_______
            (__)\       )\/\
                ||----w |
                ||     ||


2016-09-18 19:29:55,761 p=22805 u=hagzag |  task path: /Users/hagzag/projects/shelleg/playground-nexus/galaxy-roles/java/tasks/fetch.yml:5
